
Start-Date: 2023-11-25  11:16:46
Commandline: apt remove dkms
Remove: rtl8821cu-dkms:amd64 (5.12.0+git20230215-1~mx21+1), broadcom-sta-dkms:amd64 (6.30.223.271-23), rtl8821ce-dkms:amd64 (5.5.2.1+git20221215-0.1~mx21+1), rtl8814au-dkms:amd64 (5.8.5.1+git20221029-1~mx21), dkms:amd64 (3.0.10-8+deb12u1)
End-Date: 2023-11-25  11:17:13

Start-Date: 2023-11-25  11:18:49
Commandline: apt remove seamonkey
Remove: seamonkey:amd64 (2.53.17~mozillabinaries-1mx23+1)
End-Date: 2023-11-25  11:18:49

Start-Date: 2023-11-25  11:19:23
Commandline: apt upgrade
Install: libgtk3-perl:amd64 (0.038-3, automatic), libextutils-depends-perl:amd64 (0.8001-2, automatic), efivar:amd64 (37-6, automatic), efibootmgr:amd64 (17-2, automatic), libcairo-gobject-perl:amd64 (1.005-4, automatic), libglib-object-introspection-perl:amd64 (0.049-3, automatic), libglib-perl:amd64 (3:1.329.3-2+b2, automatic), libcairo-perl:amd64 (1.109-3+b1, automatic)
Upgrade: desktop-defaults-fluxbox-antix:amd64 (0.6.10, 0.6.11), libcurl4:amd64 (7.88.1-10+deb12u1, 7.88.1-10+deb12u4), libwebpmux3:amd64 (1.2.4-0.2, 1.2.4-0.2+deb12u1), libpam-runtime:amd64 (1.5.2-6, 1.5.2-6+deb12u1), libvpx7:amd64 (1.12.0-1, 1.12.0-1+deb12u2), antix-goodies:amd64 (1.0.4, 1.0.5), trash-antix:amd64 (0.1.3, 0.1.4), libgssapi-krb5-2:amd64 (1.20.1-2, 1.20.1-2+deb12u1), libcurl3-gnutls:amd64 (7.88.1-10+deb12u1, 7.88.1-10+deb12u4), desktop-defaults-base-antix:amd64 (0.8.4, 0.8.5), libnss-myhostname:amd64 (252.12-1~deb12u1, 252.17-1~deb12u1), libnftables1:amd64 (1.0.6-2+deb12u1, 1.0.6-2+deb12u2), libx11-xcb1:amd64 (2:1.8.4-2+deb12u1, 2:1.8.4-2+deb12u2), libqt5positioning5:amd64 (5.15.8+dfsg-3, 5.15.8+dfsg-3+deb12u1), antix-wifi-switch:amd64 (0.1.2, 0.1.3), xserver-xorg-core:amd64 (2:21.1.7-3.0nosystemd2, 2:21.1.7-3.0nosystemd4), wallpaper-antix:amd64 (0.7.4, 0.7.5), zzzfm:amd64 (1.0.7-11, 1.0.7-12), ufw:amd64 (0.36.2-1, 0.36.2-1.0antix1), libavahi-common-data:amd64 (0.8-10.0antix1, 0.8-10.0antix2), iso-template-antix:amd64 (23.08.25, 23.10.06), antix-firewall-toggle:amd64 (0.1.3, 0.1.4), grub-pc-bin:amd64 (2.06-13, 2.06-13+deb12u1), libgs10-common:amd64 (10.0.0~dfsg-11+deb12u1, 10.0.0~dfsg-11+deb12u2), packageinstaller-pkglist-nonfree:amd64 (0.1.5, 0.1.11), dbus-daemon:amd64 (1.14.8-2.0nosystemd1, 1.14.10-1.0nosystemd1), libwebpdemux2:amd64 (1.2.4-0.2, 1.2.4-0.2+deb12u1), remaster-antix:amd64 (0.8.13, 0.8.14), libgs10:amd64 (10.0.0~dfsg-11+deb12u1, 10.0.0~dfsg-11+deb12u2), libavdevice59:amd64 (7:5.1.3-1, 7:5.1.4-0+deb12u1), icewm:amd64 (3.4.1-1.0antix1, 3.4.4-1.0antix1), debianutils:amd64 (5.7-0.4, 5.7-0.5~deb12u1), desktop-defaults-antix:amd64 (0.2.4, 0.2.5), libwbclient0:amd64 (2:4.17.10+dfsg-0+deb12u1.0nosystemd1, 2:4.17.12+dfsg-0+deb12u1.0nosystemd1), packageinstaller:amd64 (2023.06.19, 2023.09.03), libdbus-1-3:amd64 (1.14.8-2.0nosystemd1, 1.14.10-1.0nosystemd1), dbus-bin:amd64 (1.14.8-2.0nosystemd1, 1.14.10-1.0nosystemd1), zzzfm-common:amd64 (1.0.7-11, 1.0.7-12), libkrb5support0:amd64 (1.20.1-2, 1.20.1-2+deb12u1), packageinstaller-pkglist-libre:amd64 (0.3.3, 0.3.7), libimlib2:amd64 (1.10.0-4+b1, 1.10.0-4+deb12u1), gir1.2-gtk-3.0:amd64 (3.24.37-2, 3.24.38-2~deb12u1), libxpm4:amd64 (1:3.5.12-1.1, 1:3.5.12-1.1+deb12u1), libpostproc56:amd64 (7:5.1.3-1, 7:5.1.4-0+deb12u1), debian-archive-keyring:amd64 (2023.3, 2023.3+deb12u1), desktop-menu-antix:amd64 (0.1.11, 0.1.12), dbus-x11:amd64 (1.14.8-2.0nosystemd1, 1.14.10-1.0nosystemd1), libx11-data:amd64 (2:1.8.4-2+deb12u1, 2:1.8.4-2+deb12u2), eudev:amd64 (252:3.2.12-1.0antix3, 252:3.2.14-1.0antix1), inetutils-ping:amd64 (2:2.4-2, 2:2.4-2+deb12u1), libc6:amd64 (2.36-9+deb12u1, 2.36-9+deb12u3), locales:amd64 (2.36-9+deb12u1, 2.36-9+deb12u3), desktop-defaults-rox-antix:amd64 (0.8.7, 0.8.8), libssl3:amd64 (3.0.9-1, 3.0.11-1~deb12u2), libkrb5-3:amd64 (1.20.1-2, 1.20.1-2+deb12u1), libpam-modules:amd64 (1.5.2-6, 1.5.2-6+deb12u1), app-select-antix:amd64 (2.0.3, 2.0.4), libhwy1:amd64 (1.0.3-3, 1.0.3-3+deb12u1), libavcodec59:amd64 (7:5.1.3-1, 7:5.1.4-0+deb12u1), xserver-common:amd64 (2:21.1.7-3.0nosystemd2, 2:21.1.7-3.0nosystemd4), sound-card-antix:amd64 (0.1.2, 0.1.3), base-files:amd64 (12.4+deb12u1, 12.4+deb12u2), libk5crypto3:amd64 (1.20.1-2, 1.20.1-2+deb12u1), libavutil57:amd64 (7:5.1.3-1, 7:5.1.4-0+deb12u1), libwebp7:amd64 (1.2.4-0.2, 1.2.4-0.2+deb12u1), libswscale6:amd64 (7:5.1.3-1, 7:5.1.4-0+deb12u1), dbus-session-bus-common:amd64 (1.14.8-2.0nosystemd1, 1.14.10-1.0nosystemd1), libavahi-common3:amd64 (0.8-10.0antix1, 0.8-10.0antix2), libeudev-dev:amd64 (252:3.2.12-1.0antix3, 252:3.2.14-1.0antix1), libpam-modules-bin:amd64 (1.5.2-6, 1.5.2-6+deb12u1), grub-efi-amd64-bin:amd64 (2.06-13, 2.06-13+deb12u1), grub2-common:amd64 (2.06-13, 2.06-13+deb12u1), desktop-session-antix:amd64 (3.0.9, 3.0.14), desktop-defaults-icewm-antix:amd64 (0.6.11, 0.6.13), libc-dev-bin:amd64 (2.36-9+deb12u1, 2.36-9+deb12u3), cli-installer-antix:amd64 (5.4, 5.5), libpam0g:amd64 (1.5.2-6, 1.5.2-6+deb12u1), libc-l10n:amd64 (2.36-9+deb12u1, 2.36-9+deb12u3), libspa-0.2-modules:amd64 (0.3.65-3.0nosystemd1, 0.3.85-1.0nosystemd1), antix-installer:amd64 (23.08.06, 23.11.17), grub-common:amd64 (2.06-13, 2.06-13+deb12u1), libgtk-3-0:amd64 (3.24.37-2, 3.24.38-2~deb12u1), control-centre-antix:amd64 (1.0.7, 1.0.9), libc-bin:amd64 (2.36-9+deb12u1, 2.36-9+deb12u3), libswresample4:amd64 (7:5.1.3-1, 7:5.1.4-0+deb12u1), libgtk-3-common:amd64 (3.24.37-2, 3.24.38-2~deb12u1), libc6-dev:amd64 (2.36-9+deb12u1, 2.36-9+deb12u3), grub-efi-ia32-bin:amd64 (2.06-13, 2.06-13+deb12u1), libavformat59:amd64 (7:5.1.3-1, 7:5.1.4-0+deb12u1), curl:amd64 (7.88.1-10+deb12u1, 7.88.1-10+deb12u4), amd64-microcode:amd64 (3.20230719.1~deb12u1, 3.20230808.1.1~deb12u1), libgs-common:amd64 (10.0.0~dfsg-11+deb12u1, 10.0.0~dfsg-11+deb12u2), firmware-ath9k-htc:amd64 (1.4.0-108-gd856466+dfsg1-1.3, 1.4.0-108-gd856466+dfsg1-1.3+deb12u1), libx11-6:amd64 (2:1.8.4-2+deb12u1, 2:1.8.4-2+deb12u2), dbus-system-bus-common:amd64 (1.14.8-2.0nosystemd1, 1.14.10-1.0nosystemd1), dbus:amd64 (1.14.8-2.0nosystemd1, 1.14.10-1.0nosystemd1), grub-pc:amd64 (2.06-13, 2.06-13+deb12u1), libavahi-client3:amd64 (0.8-10.0antix1, 0.8-10.0antix2), intel-microcode:amd64 (3.20230808.1~deb12u1, 3.20231114.1~deb12u1), libeudev1:amd64 (252:3.2.12-1.0antix3, 252:3.2.14-1.0antix1), icewm-common:amd64 (3.4.1-1.0antix1, 3.4.4-1.0antix1), openssl:amd64 (3.0.9-1, 3.0.11-1~deb12u2), nftables:amd64 (1.0.6-2+deb12u1, 1.0.6-2+deb12u2), linux-libc-dev:amd64 (6.1.38-4, 6.1.55-antix.1-amd64-smp-1), libavfilter8:amd64 (7:5.1.3-1, 7:5.1.4-0+deb12u1), libpipewire-0.3-0:amd64 (0.3.65-3.0nosystemd1, 0.3.85-1.0nosystemd1)
End-Date: 2023-11-25  11:24:00

Start-Date: 2023-11-25  11:24:19
Commandline: apt install synaptic
Install: synaptic:amd64 (0.91.3+antix2), libvte-2.91-common:amd64 (0.70.6-2~deb12u1.0nosystemd1, automatic), libept1.6.0:amd64 (1.2.1, automatic), libvte-2.91-0:amd64 (0.70.6-2~deb12u1.0nosystemd1, automatic)
End-Date: 2023-11-25  11:24:21

Start-Date: 2023-11-25  11:24:33
Commandline: apt install firefox-esr
Install: firefox-esr:amd64 (115.5.0esr-1~deb12u1)
End-Date: 2023-11-25  11:24:39

Start-Date: 2023-11-25  11:24:47
Commandline: apt install firefox-esr-l10n-de firefox-esr-l10n-es-es firefox-esr-l10n-el firefox-esr-l10n-fr firefox-esr-l10n-hi-in firefox-esr-l10n-hr firefox-esr-l10n-hu firefox-esr-l10n-id firefox-esr-l10n-it firefox-esr-l10n-ja firefox-esr-l10n-nl firefox-esr-l10n-pl firefox-esr-l10n-pt-br firefox-esr-l10n-ru firefox-esr-l10n-sv-se firefox-esr-l10n-zh-tw
Install: firefox-esr-l10n-sv-se:amd64 (115.5.0esr-1~deb12u1), firefox-esr-l10n-es-es:amd64 (115.5.0esr-1~deb12u1), firefox-esr-l10n-hi-in:amd64 (115.5.0esr-1~deb12u1), firefox-esr-l10n-de:amd64 (115.5.0esr-1~deb12u1), firefox-esr-l10n-el:amd64 (115.5.0esr-1~deb12u1), firefox-esr-l10n-fr:amd64 (115.5.0esr-1~deb12u1), firefox-esr-l10n-hr:amd64 (115.5.0esr-1~deb12u1), firefox-esr-l10n-hu:amd64 (115.5.0esr-1~deb12u1), firefox-esr-l10n-id:amd64 (115.5.0esr-1~deb12u1), firefox-esr-l10n-it:amd64 (115.5.0esr-1~deb12u1), firefox-esr-l10n-ja:amd64 (115.5.0esr-1~deb12u1), firefox-esr-l10n-nl:amd64 (115.5.0esr-1~deb12u1), firefox-esr-l10n-pl:amd64 (115.5.0esr-1~deb12u1), firefox-esr-l10n-ru:amd64 (115.5.0esr-1~deb12u1), firefox-esr-l10n-pt-br:amd64 (115.5.0esr-1~deb12u1), firefox-esr-l10n-zh-tw:amd64 (115.5.0esr-1~deb12u1)
End-Date: 2023-11-25  11:24:49

Start-Date: 2023-11-25  11:25:08
Commandline: apt install sylpheed sylpheed-i18n aspell-en
Install: sylpheed:amd64 (3.8.0~beta1-1), sylpheed-i18n:amd64 (3.8.0~beta1-1), libhunspell-1.7-0:amd64 (1.7.1-1, automatic), libgpgme11:amd64 (1.18.0-3+b1, automatic), libaspell15:amd64 (0.60.8-4+b1, automatic), libgtkspell0:amd64 (2.0.16-1.3, automatic), libcompfaceg1:amd64 (1:1.5.2-5.1, automatic), aspell-en:amd64 (2020.12.07-0-1), libenchant-2-2:amd64 (2.3.3-2, automatic), aspell:amd64 (0.60.8-4+b1, automatic)
End-Date: 2023-11-25  11:25:11

Start-Date: 2023-11-25  11:26:12
Commandline: apt install uim-anthy uim im-config zenity kasumi uim-gtk2.0 uim-gtk3 uim-qt5 uim-xim uim-fep fonts-vlgothic fonts-ipafont-mincho
Install: libm17n-0:amd64 (1.8.0-6, automatic), libelogind-compat:amd64 (252.9-1~rc1.0antix1, automatic), libgcroots0:amd64 (0.9.1-2, automatic), uim-gtk2.0:amd64 (1:1.8.8-9.2+b2), bubblewrap:amd64 (0.8.0-2, automatic), libwpebackend-fdo-1.0-1:amd64 (1.14.2-1, automatic), anthy:amd64 (1:0.4-2, automatic), uim-gtk3:amd64 (1:1.8.8-9.2+b2), uim:amd64 (1:1.8.8-9.2+b2), uim-gtk2.0-immodule:amd64 (1:1.8.8-9.2+b2, automatic), libanthyinput0:amd64 (1:0.4-2, automatic), libqt5x11extras5:amd64 (5.15.8-2, automatic), libmanette-0.2-0:amd64 (0.2.6-3+b1, automatic), libjavascriptcoregtk-4.1-0:amd64 (2.42.2-1~deb12u1, automatic), libgupnp-1.6-0:amd64 (1.6.3-1, automatic), libuim-scm0:amd64 (1:1.8.8-9.2+b2, automatic), libgstreamer-gl1.0-0:amd64 (1.22.0-3+deb12u1, automatic), uim-gtk3-immodule:amd64 (1:1.8.8-9.2+b2, automatic), libgupnp-igd-1.0-4:amd64 (1.2.0-3, automatic), libgav1-1:amd64 (0.18.0-1+b1, automatic), im-config:amd64 (0.55-2), uim-qt5-immodule:amd64 (1:1.8.8-9.2+b2, automatic), libsoup-3.0-0:amd64 (3.2.2-2, automatic), libanthy1:amd64 (1:0.4-2, automatic), uim-data:amd64 (1:1.8.8-9.2, automatic), uim-anthy:amd64 (1:1.8.8-9.2), libgstreamer-plugins-bad1.0-0:amd64 (1.22.0-4+deb12u2, automatic), libharfbuzz-icu0:amd64 (6.0.0+dfsg-3, automatic), libgssdp-1.6-0:amd64 (1.6.2-2, automatic), libwpe-1.0-1:amd64 (1.14.0-1, automatic), libuim-data:amd64 (1:1.8.8-9.2, automatic), libuim-custom2:amd64 (1:1.8.8-9.2+b2, automatic), zenity-common:amd64 (3.44.0-1, automatic), libyuv0:amd64 (0.0~git20230123.b2528b0-1, automatic), zenity:amd64 (3.44.0-1), libwebkit2gtk-4.1-0:amd64 (2.42.2-1~deb12u1, automatic), libabsl20220623:amd64 (20220623.1-1, automatic), libavif15:amd64 (0.11.1-1, automatic), anthy-common:amd64 (1:0.4-2, automatic), m17n-db:amd64 (1.8.0-5, automatic), kasumi:amd64 (2.5-11), uim-plugins:amd64 (1:1.8.8-9.2+b2, automatic), libelogind0:amd64 (252.9-1~rc1.0antix1, automatic), libotf1:amd64 (0.9.16-4, automatic), libsoup-3.0-common:amd64 (3.2.2-2, automatic), libuim8:amd64 (1:1.8.8-9.2+b2, automatic), libnice10:amd64 (0.1.21-1, automatic), uim-fep:amd64 (1:1.8.8-9.2+b2), libgd3:amd64 (2.3.3-9, automatic), fonts-ipafont-mincho:amd64 (00303-23), xdg-dbus-proxy:amd64 (0.1.4-3, automatic), uim-qt5:amd64 (1:1.8.8-9.2+b2), uim-xim:amd64 (1:1.8.8-9.2+b2)
End-Date: 2023-11-25  11:26:22

Start-Date: 2023-11-25  11:26:37
Commandline: apt install uim-chewing uim-pinyin fonts-wqy-microhei
Install: libchewing3-data:amd64 (0.5.1-5, automatic), uim-pinyin:amd64 (1:1.8.8-9.2), uim-chewing:amd64 (0.1.0-7), libchewing3:amd64 (0.5.1-5, automatic)
End-Date: 2023-11-25  11:26:38

Start-Date: 2023-11-25  11:26:49
Commandline: apt install geany geany-plugin-spellcheck
Install: geany-plugin-spellcheck:amd64 (1.38+dfsg-2), geany-plugins-common:amd64 (1.38+dfsg-2, automatic)
End-Date: 2023-11-25  11:26:50

Start-Date: 2023-11-25  11:27:07
Commandline: apt install gnome-screenshot lazpaint-gtk2
Install: lazpaint-gtk2:amd64 (7.2.2-2), gnome-screenshot:amd64 (41.0-2)
End-Date: 2023-11-25  11:27:09

Start-Date: 2023-11-25  11:27:18
Commandline: apt install system-config-printer
Install: gir1.2-notify-0.7:amd64 (0.8.1-1, automatic), gir1.2-packagekitglib-1.0:amd64 (1.2.6-5, automatic), system-config-printer-common:amd64 (1.5.18-1.0nosystemd1, automatic), gir1.2-handy-1:amd64 (1.8.1-1, automatic), libpackagekit-glib2-18:amd64 (1.2.6-5, automatic), system-config-printer:amd64 (1.5.18-1.0nosystemd1), python3-cups:amd64 (2.0.1-5+b4, automatic), python3-dbus:amd64 (1.3.2-4+b1, automatic), python3-cupshelpers:amd64 (1.5.18-1.0nosystemd1, automatic)
End-Date: 2023-11-25  11:27:21
