
Start-Date: 2023-11-25  18:01:40
Commandline: apt remove dkms
Remove: rtl8821cu-dkms:i386 (5.12.0+git20230215-1~mx21+1), broadcom-sta-dkms:i386 (6.30.223.271-23), rtl8821ce-dkms:i386 (5.5.2.1+git20221215-0.1~mx21+1), rtl8814au-dkms:i386 (5.8.5.1+git20221029-1~mx21), dkms:i386 (3.0.10-8+deb12u1)
End-Date: 2023-11-25  18:02:12

Start-Date: 2023-11-25  18:02:27
Commandline: apt remove seamonkey
Remove: seamonkey:i386 (2.53.17~mozillabinaries-1mx23+1)
End-Date: 2023-11-25  18:02:27

Start-Date: 2023-11-25  18:03:55
Commandline: apt upgrade
Install: libgtk3-perl:i386 (0.038-3, automatic), libextutils-depends-perl:i386 (0.8001-2, automatic), efivar:i386 (37-6, automatic), grub-efi-amd64-bin:i386 (2.06-13+deb12u1, automatic), efibootmgr:i386 (17-2, automatic), libcairo-gobject-perl:i386 (1.005-4, automatic), libglib-object-introspection-perl:i386 (0.049-3, automatic), libglib-perl:i386 (3:1.329.3-2+b2, automatic), libcairo-perl:i386 (1.109-3+b1, automatic)
Upgrade: desktop-defaults-fluxbox-antix:i386 (0.6.10, 0.6.11), libcurl4:i386 (7.88.1-10+deb12u1, 7.88.1-10+deb12u4), libwebpmux3:i386 (1.2.4-0.2, 1.2.4-0.2+deb12u1), libpam-runtime:i386 (1.5.2-6, 1.5.2-6+deb12u1), libvpx7:i386 (1.12.0-1, 1.12.0-1+deb12u2), antix-goodies:i386 (1.0.4, 1.0.5), trash-antix:i386 (0.1.3, 0.1.4), libgssapi-krb5-2:i386 (1.20.1-2, 1.20.1-2+deb12u1), libcurl3-gnutls:i386 (7.88.1-10+deb12u1, 7.88.1-10+deb12u4), desktop-defaults-base-antix:i386 (0.8.4, 0.8.5), libnss-myhostname:i386 (252.12-1~deb12u1, 252.17-1~deb12u1), libnftables1:i386 (1.0.6-2+deb12u1, 1.0.6-2+deb12u2), libx11-xcb1:i386 (2:1.8.4-2+deb12u1, 2:1.8.4-2+deb12u2), libqt5positioning5:i386 (5.15.8+dfsg-3, 5.15.8+dfsg-3+deb12u1), antix-wifi-switch:i386 (0.1.2, 0.1.3), xserver-xorg-core:i386 (2:21.1.7-3.0nosystemd2, 2:21.1.7-3.0nosystemd4), wallpaper-antix:i386 (0.7.4, 0.7.5), zzzfm:i386 (1.0.7-11, 1.0.7-12), ufw:i386 (0.36.2-1, 0.36.2-1.0antix1), libavahi-common-data:i386 (0.8-10.0antix1, 0.8-10.0antix2), iso-template-antix:i386 (23.08.25, 23.10.06), antix-firewall-toggle:i386 (0.1.3, 0.1.4), grub-pc-bin:i386 (2.06-13, 2.06-13+deb12u1), libgs10-common:i386 (10.0.0~dfsg-11+deb12u1, 10.0.0~dfsg-11+deb12u2), packageinstaller-pkglist-nonfree:i386 (0.1.5, 0.1.11), dbus-daemon:i386 (1.14.8-2.0nosystemd1, 1.14.10-1.0nosystemd1), libwebpdemux2:i386 (1.2.4-0.2, 1.2.4-0.2+deb12u1), remaster-antix:i386 (0.8.13, 0.8.14), libgs10:i386 (10.0.0~dfsg-11+deb12u1, 10.0.0~dfsg-11+deb12u2), libavdevice59:i386 (7:5.1.3-1, 7:5.1.4-0+deb12u1), icewm:i386 (3.4.1-1.0antix1, 3.4.4-1.0antix1), debianutils:i386 (5.7-0.4, 5.7-0.5~deb12u1), desktop-defaults-antix:i386 (0.2.4, 0.2.5), libwbclient0:i386 (2:4.17.10+dfsg-0+deb12u1.0nosystemd1, 2:4.17.12+dfsg-0+deb12u1.0nosystemd1), packageinstaller:i386 (2023.06.19, 2023.09.03), libdbus-1-3:i386 (1.14.8-2.0nosystemd1, 1.14.10-1.0nosystemd1), dbus-bin:i386 (1.14.8-2.0nosystemd1, 1.14.10-1.0nosystemd1), zzzfm-common:i386 (1.0.7-11, 1.0.7-12), libkrb5support0:i386 (1.20.1-2, 1.20.1-2+deb12u1), packageinstaller-pkglist-libre:i386 (0.3.3, 0.3.7), libimlib2:i386 (1.10.0-4+b1, 1.10.0-4+deb12u1), gir1.2-gtk-3.0:i386 (3.24.37-2, 3.24.38-2~deb12u1), libxpm4:i386 (1:3.5.12-1.1, 1:3.5.12-1.1+deb12u1), libpostproc56:i386 (7:5.1.3-1, 7:5.1.4-0+deb12u1), debian-archive-keyring:i386 (2023.3, 2023.3+deb12u1), desktop-menu-antix:i386 (0.1.11, 0.1.12), dbus-x11:i386 (1.14.8-2.0nosystemd1, 1.14.10-1.0nosystemd1), libx11-data:i386 (2:1.8.4-2+deb12u1, 2:1.8.4-2+deb12u2), eudev:i386 (252:3.2.12-1.0antix3, 252:3.2.14-1.0antix1), inetutils-ping:i386 (2:2.4-2, 2:2.4-2+deb12u1), libc6:i386 (2.36-9+deb12u1, 2.36-9+deb12u3), locales:i386 (2.36-9+deb12u1, 2.36-9+deb12u3), desktop-defaults-rox-antix:i386 (0.8.7, 0.8.8), libssl3:i386 (3.0.9-1, 3.0.11-1~deb12u2), libkrb5-3:i386 (1.20.1-2, 1.20.1-2+deb12u1), libpam-modules:i386 (1.5.2-6, 1.5.2-6+deb12u1), app-select-antix:i386 (2.0.3, 2.0.4), libhwy1:i386 (1.0.3-3, 1.0.3-3+deb12u1), libavcodec59:i386 (7:5.1.3-1, 7:5.1.4-0+deb12u1), xserver-common:i386 (2:21.1.7-3.0nosystemd2, 2:21.1.7-3.0nosystemd4), sound-card-antix:i386 (0.1.2, 0.1.3), base-files:i386 (12.4+deb12u1, 12.4+deb12u2), libk5crypto3:i386 (1.20.1-2, 1.20.1-2+deb12u1), libavutil57:i386 (7:5.1.3-1, 7:5.1.4-0+deb12u1), libwebp7:i386 (1.2.4-0.2, 1.2.4-0.2+deb12u1), libswscale6:i386 (7:5.1.3-1, 7:5.1.4-0+deb12u1), dbus-session-bus-common:i386 (1.14.8-2.0nosystemd1, 1.14.10-1.0nosystemd1), libavahi-common3:i386 (0.8-10.0antix1, 0.8-10.0antix2), libeudev-dev:i386 (252:3.2.12-1.0antix3, 252:3.2.14-1.0antix1), libpam-modules-bin:i386 (1.5.2-6, 1.5.2-6+deb12u1), grub2-common:i386 (2.06-13, 2.06-13+deb12u1), desktop-session-antix:i386 (3.0.9, 3.0.14), desktop-defaults-icewm-antix:i386 (0.6.11, 0.6.13), libc-dev-bin:i386 (2.36-9+deb12u1, 2.36-9+deb12u3), cli-installer-antix:i386 (5.4, 5.5), libpam0g:i386 (1.5.2-6, 1.5.2-6+deb12u1), libc-l10n:i386 (2.36-9+deb12u1, 2.36-9+deb12u3), libspa-0.2-modules:i386 (0.3.65-3.0nosystemd1, 0.3.85-1.0nosystemd1), antix-installer:i386 (23.08.06, 23.11.17), grub-common:i386 (2.06-13, 2.06-13+deb12u1), libgtk-3-0:i386 (3.24.37-2, 3.24.38-2~deb12u1), control-centre-antix:i386 (1.0.7, 1.0.9), libc-bin:i386 (2.36-9+deb12u1, 2.36-9+deb12u3), libswresample4:i386 (7:5.1.3-1, 7:5.1.4-0+deb12u1), libgtk-3-common:i386 (3.24.37-2, 3.24.38-2~deb12u1), libc6-dev:i386 (2.36-9+deb12u1, 2.36-9+deb12u3), grub-efi-ia32-bin:i386 (2.06-13, 2.06-13+deb12u1), libavformat59:i386 (7:5.1.3-1, 7:5.1.4-0+deb12u1), curl:i386 (7.88.1-10+deb12u1, 7.88.1-10+deb12u4), amd64-microcode:i386 (3.20230719.1~deb12u1, 3.20230808.1.1~deb12u1), libgs-common:i386 (10.0.0~dfsg-11+deb12u1, 10.0.0~dfsg-11+deb12u2), firmware-ath9k-htc:i386 (1.4.0-108-gd856466+dfsg1-1.3, 1.4.0-108-gd856466+dfsg1-1.3+deb12u1), libx11-6:i386 (2:1.8.4-2+deb12u1, 2:1.8.4-2+deb12u2), dbus-system-bus-common:i386 (1.14.8-2.0nosystemd1, 1.14.10-1.0nosystemd1), dbus:i386 (1.14.8-2.0nosystemd1, 1.14.10-1.0nosystemd1), grub-pc:i386 (2.06-13, 2.06-13+deb12u1), libavahi-client3:i386 (0.8-10.0antix1, 0.8-10.0antix2), intel-microcode:i386 (3.20230808.1~deb12u1, 3.20231114.1~deb12u1), libeudev1:i386 (252:3.2.12-1.0antix3, 252:3.2.14-1.0antix1), icewm-common:i386 (3.4.1-1.0antix1, 3.4.4-1.0antix1), openssl:i386 (3.0.9-1, 3.0.11-1~deb12u2), nftables:i386 (1.0.6-2+deb12u1, 1.0.6-2+deb12u2), linux-libc-dev:i386 (6.1.38-4, 6.1.55-1), libavfilter8:i386 (7:5.1.3-1, 7:5.1.4-0+deb12u1), libpipewire-0.3-0:i386 (0.3.65-3.0nosystemd1, 0.3.85-1.0nosystemd1)
End-Date: 2023-11-25  18:07:51

Start-Date: 2023-11-25  18:08:29
Commandline: apt install synaptic
Install: synaptic:i386 (0.91.3+antix2), libvte-2.91-common:i386 (0.70.6-2~deb12u1.0nosystemd1, automatic), libept1.6.0:i386 (1.2.1, automatic), libvte-2.91-0:i386 (0.70.6-2~deb12u1.0nosystemd1, automatic)
End-Date: 2023-11-25  18:08:31

Start-Date: 2023-11-25  18:08:44
Commandline: apt install firefox-esr
Install: firefox-esr:i386 (115.5.0esr-1~deb12u1)
End-Date: 2023-11-25  18:08:51

Start-Date: 2023-11-25  18:09:05
Commandline: apt install firefox-esr-l10n-de firefox-esr-l10n-es-es firefox-esr-l10n-el firefox-esr-l10n-fr firefox-esr-l10n-hi-in firefox-esr-l10n-hr firefox-esr-l10n-hu firefox-esr-l10n-id firefox-esr-l10n-it firefox-esr-l10n-ja firefox-esr-l10n-nl firefox-esr-l10n-pl firefox-esr-l10n-pt-br firefox-esr-l10n-ru firefox-esr-l10n-sv-se firefox-esr-l10n-zh-tw
Install: firefox-esr-l10n-sv-se:i386 (115.5.0esr-1~deb12u1), firefox-esr-l10n-es-es:i386 (115.5.0esr-1~deb12u1), firefox-esr-l10n-hi-in:i386 (115.5.0esr-1~deb12u1), firefox-esr-l10n-de:i386 (115.5.0esr-1~deb12u1), firefox-esr-l10n-el:i386 (115.5.0esr-1~deb12u1), firefox-esr-l10n-fr:i386 (115.5.0esr-1~deb12u1), firefox-esr-l10n-hr:i386 (115.5.0esr-1~deb12u1), firefox-esr-l10n-hu:i386 (115.5.0esr-1~deb12u1), firefox-esr-l10n-id:i386 (115.5.0esr-1~deb12u1), firefox-esr-l10n-it:i386 (115.5.0esr-1~deb12u1), firefox-esr-l10n-ja:i386 (115.5.0esr-1~deb12u1), firefox-esr-l10n-nl:i386 (115.5.0esr-1~deb12u1), firefox-esr-l10n-pl:i386 (115.5.0esr-1~deb12u1), firefox-esr-l10n-ru:i386 (115.5.0esr-1~deb12u1), firefox-esr-l10n-pt-br:i386 (115.5.0esr-1~deb12u1), firefox-esr-l10n-zh-tw:i386 (115.5.0esr-1~deb12u1)
End-Date: 2023-11-25  18:09:07

Start-Date: 2023-11-25  18:09:20
Commandline: apt install sylpheed sylpheed-i18n aspell-en
Install: sylpheed:i386 (3.8.0~beta1-1), sylpheed-i18n:i386 (3.8.0~beta1-1), libhunspell-1.7-0:i386 (1.7.1-1, automatic), libgpgme11:i386 (1.18.0-3+b1, automatic), libaspell15:i386 (0.60.8-4+b1, automatic), libgtkspell0:i386 (2.0.16-1.3, automatic), libcompfaceg1:i386 (1:1.5.2-5.1, automatic), aspell-en:i386 (2020.12.07-0-1), libenchant-2-2:i386 (2.3.3-2, automatic), aspell:i386 (0.60.8-4+b1, automatic)
End-Date: 2023-11-25  18:09:24

Start-Date: 2023-11-25  18:10:30
Commandline: apt install uim-anthy uim im-config zenity kasumi uim-gtk2.0 uim-gtk3 uim-qt5 uim-xim uim-fep fonts-vlgothic fonts-ipafont-mincho
Install: libm17n-0:i386 (1.8.0-6, automatic), libelogind-compat:i386 (252.9-1~rc1.0antix1, automatic), libgcroots0:i386 (0.9.1-2, automatic), uim-gtk2.0:i386 (1:1.8.8-9.2+b2), bubblewrap:i386 (0.8.0-2, automatic), libwpebackend-fdo-1.0-1:i386 (1.14.2-1, automatic), anthy:i386 (1:0.4-2, automatic), uim-gtk3:i386 (1:1.8.8-9.2+b2), uim:i386 (1:1.8.8-9.2+b2), uim-gtk2.0-immodule:i386 (1:1.8.8-9.2+b2, automatic), libanthyinput0:i386 (1:0.4-2, automatic), libqt5x11extras5:i386 (5.15.8-2, automatic), libmanette-0.2-0:i386 (0.2.6-3+b1, automatic), libjavascriptcoregtk-4.1-0:i386 (2.42.2-1~deb12u1, automatic), libgupnp-1.6-0:i386 (1.6.3-1, automatic), libuim-scm0:i386 (1:1.8.8-9.2+b2, automatic), libgstreamer-gl1.0-0:i386 (1.22.0-3+deb12u1, automatic), uim-gtk3-immodule:i386 (1:1.8.8-9.2+b2, automatic), libgupnp-igd-1.0-4:i386 (1.2.0-3, automatic), libgav1-1:i386 (0.18.0-1+b1, automatic), im-config:i386 (0.55-2), uim-qt5-immodule:i386 (1:1.8.8-9.2+b2, automatic), libsoup-3.0-0:i386 (3.2.2-2, automatic), libanthy1:i386 (1:0.4-2, automatic), uim-data:i386 (1:1.8.8-9.2, automatic), uim-anthy:i386 (1:1.8.8-9.2), libgstreamer-plugins-bad1.0-0:i386 (1.22.0-4+deb12u3, automatic), libharfbuzz-icu0:i386 (6.0.0+dfsg-3, automatic), libgssdp-1.6-0:i386 (1.6.2-2, automatic), libwpe-1.0-1:i386 (1.14.0-1, automatic), libuim-data:i386 (1:1.8.8-9.2, automatic), libuim-custom2:i386 (1:1.8.8-9.2+b2, automatic), zenity-common:i386 (3.44.0-1, automatic), libyuv0:i386 (0.0~git20230123.b2528b0-1, automatic), zenity:i386 (3.44.0-1), libwebkit2gtk-4.1-0:i386 (2.42.2-1~deb12u1, automatic), libabsl20220623:i386 (20220623.1-1, automatic), libavif15:i386 (0.11.1-1, automatic), anthy-common:i386 (1:0.4-2, automatic), m17n-db:i386 (1.8.0-5, automatic), kasumi:i386 (2.5-11), uim-plugins:i386 (1:1.8.8-9.2+b2, automatic), libelogind0:i386 (252.9-1~rc1.0antix1, automatic), libotf1:i386 (0.9.16-4, automatic), libsoup-3.0-common:i386 (3.2.2-2, automatic), libuim8:i386 (1:1.8.8-9.2+b2, automatic), libnice10:i386 (0.1.21-1, automatic), uim-fep:i386 (1:1.8.8-9.2+b2), libgd3:i386 (2.3.3-9, automatic), fonts-ipafont-mincho:i386 (00303-23), xdg-dbus-proxy:i386 (0.1.4-3, automatic), uim-qt5:i386 (1:1.8.8-9.2+b2), uim-xim:i386 (1:1.8.8-9.2+b2)
End-Date: 2023-11-25  18:10:42

Start-Date: 2023-11-25  18:10:56
Commandline: apt install uim-chewing uim-pinyin fonts-wqy-microhei
Install: libchewing3-data:i386 (0.5.1-5, automatic), uim-pinyin:i386 (1:1.8.8-9.2), uim-chewing:i386 (0.1.0-7), libchewing3:i386 (0.5.1-5, automatic)
End-Date: 2023-11-25  18:10:57

Start-Date: 2023-11-25  18:11:24
Commandline: apt install geany geany-plugin-spellcheck
Install: geany-plugin-spellcheck:i386 (1.38+dfsg-2), geany-plugins-common:i386 (1.38+dfsg-2, automatic)
End-Date: 2023-11-25  18:11:24

Start-Date: 2023-11-25  18:11:39
Commandline: apt install gnome-screenshot lazpaint-gtk2
Install: lazpaint-gtk2:i386 (7.2.2-2), gnome-screenshot:i386 (41.0-2)
End-Date: 2023-11-25  18:11:41

Start-Date: 2023-11-25  18:12:06
Commandline: apt install system-config-printer
Install: gir1.2-notify-0.7:i386 (0.8.1-1, automatic), gir1.2-packagekitglib-1.0:i386 (1.2.6-5, automatic), system-config-printer-common:i386 (1.5.18-1.0nosystemd1, automatic), gir1.2-handy-1:i386 (1.8.1-1, automatic), libpackagekit-glib2-18:i386 (1.2.6-5, automatic), system-config-printer:i386 (1.5.18-1.0nosystemd1), python3-cups:i386 (2.0.1-5+b4, automatic), python3-dbus:i386 (1.3.2-4+b1, automatic), python3-cupshelpers:i386 (1.5.18-1.0nosystemd1, automatic)
End-Date: 2023-11-25  18:12:10
