
Start-Date: 2023-09-02  04:27:53
Commandline: apt remove dkms
Remove: rtl8821cu-dkms:amd64 (5.12.0+git20230215-1~mx21+1), broadcom-sta-dkms:amd64 (6.30.223.271-23), rtl8821ce-dkms:amd64 (5.5.2.1+git20221215-0.1~mx21+1), rtl8814au-dkms:amd64 (5.8.5.1+git20221029-1~mx21), dkms:amd64 (3.0.10-8+deb12u1)
End-Date: 2023-09-02  04:28:21

Start-Date: 2023-09-02  04:28:36
Commandline: apt remove seamonkey
Remove: seamonkey:amd64 (2.53.17~mozillabinaries-1mx23+1)
End-Date: 2023-09-02  04:28:37

Start-Date: 2023-09-02  04:29:13
Commandline: apt install synaptic
Install: synaptic:amd64 (0.91.3+antix2), libvte-2.91-common:amd64 (0.70.6-1~deb12u1.0nosystemd1, automatic), libept1.6.0:amd64 (1.2.1, automatic), libvte-2.91-0:amd64 (0.70.6-1~deb12u1.0nosystemd1, automatic)
End-Date: 2023-09-02  04:29:20

Start-Date: 2023-09-02  04:31:03
Commandline: apt install firefox-esr
Install: firefox-esr:amd64 (102.15.0esr-1~deb12u1)
End-Date: 2023-09-02  04:31:09

Start-Date: 2023-09-02  04:31:34
Commandline: apt install firefox-esr-l10n-de firefox-esr-l10n-es-es firefox-esr-l10n-el firefox-esr-l10n-fr firefox-esr-l10n-hi-in firefox-esr-l10n-hr firefox-esr-l10n-hu firefox-esr-l10n-id firefox-esr-l10n-it firefox-esr-l10n-ja firefox-esr-l10n-nl firefox-esr-l10n-pl firefox-esr-l10n-pt-br firefox-esr-l10n-ru firefox-esr-l10n-sv-se firefox-esr-l10n-zh-tw
Install: firefox-esr-l10n-sv-se:amd64 (102.15.0esr-1~deb12u1), firefox-esr-l10n-es-es:amd64 (102.15.0esr-1~deb12u1), firefox-esr-l10n-hi-in:amd64 (102.15.0esr-1~deb12u1), firefox-esr-l10n-de:amd64 (102.15.0esr-1~deb12u1), firefox-esr-l10n-el:amd64 (102.15.0esr-1~deb12u1), firefox-esr-l10n-fr:amd64 (102.15.0esr-1~deb12u1), firefox-esr-l10n-hr:amd64 (102.15.0esr-1~deb12u1), firefox-esr-l10n-hu:amd64 (102.15.0esr-1~deb12u1), firefox-esr-l10n-id:amd64 (102.15.0esr-1~deb12u1), firefox-esr-l10n-it:amd64 (102.15.0esr-1~deb12u1), firefox-esr-l10n-ja:amd64 (102.15.0esr-1~deb12u1), firefox-esr-l10n-nl:amd64 (102.15.0esr-1~deb12u1), firefox-esr-l10n-pl:amd64 (102.15.0esr-1~deb12u1), firefox-esr-l10n-ru:amd64 (102.15.0esr-1~deb12u1), firefox-esr-l10n-pt-br:amd64 (102.15.0esr-1~deb12u1), firefox-esr-l10n-zh-tw:amd64 (102.15.0esr-1~deb12u1)
End-Date: 2023-09-02  04:31:36

Start-Date: 2023-09-02  04:32:24
Commandline: apt install sylpheed sylpheed-i18n aspell-en
Install: sylpheed:amd64 (3.8.0~beta1-1), sylpheed-i18n:amd64 (3.8.0~beta1-1), libhunspell-1.7-0:amd64 (1.7.1-1, automatic), libgpgme11:amd64 (1.18.0-3+b1, automatic), libaspell15:amd64 (0.60.8-4+b1, automatic), libgtkspell0:amd64 (2.0.16-1.3, automatic), libcompfaceg1:amd64 (1:1.5.2-5.1, automatic), aspell-en:amd64 (2020.12.07-0-1), libenchant-2-2:amd64 (2.3.3-2, automatic), aspell:amd64 (0.60.8-4+b1, automatic)
End-Date: 2023-09-02  04:32:27

Start-Date: 2023-09-02  04:33:29
Commandline: apt install uim-anthy uim im-config zenity kasumi uim-gtk2.0 uim-gtk3 uim-qt5 uim-xim uim-fep fonts-vlgothic fonts-ipafont-mincho
Install: libm17n-0:amd64 (1.8.0-6, automatic), libgcroots0:amd64 (0.9.1-2, automatic), uim-gtk2.0:amd64 (1:1.8.8-9.2+b2), bubblewrap:amd64 (0.8.0-2, automatic), libwpebackend-fdo-1.0-1:amd64 (1.14.2-1, automatic), anthy:amd64 (1:0.4-2, automatic), uim-gtk3:amd64 (1:1.8.8-9.2+b2), uim:amd64 (1:1.8.8-9.2+b2), uim-gtk2.0-immodule:amd64 (1:1.8.8-9.2+b2, automatic), libanthyinput0:amd64 (1:0.4-2, automatic), libqt5x11extras5:amd64 (5.15.8-2, automatic), libmanette-0.2-0:amd64 (0.2.6-3+b1, automatic), libjavascriptcoregtk-4.1-0:amd64 (2.40.5-1~deb12u1, automatic), libgupnp-1.6-0:amd64 (1.6.3-1, automatic), libuim-scm0:amd64 (1:1.8.8-9.2+b2, automatic), libgstreamer-gl1.0-0:amd64 (1.22.0-3+deb12u1, automatic), uim-gtk3-immodule:amd64 (1:1.8.8-9.2+b2, automatic), libgupnp-igd-1.0-4:amd64 (1.2.0-3, automatic), libgav1-1:amd64 (0.18.0-1+b1, automatic), im-config:amd64 (0.55-2), uim-qt5-immodule:amd64 (1:1.8.8-9.2+b2, automatic), libsoup-3.0-0:amd64 (3.2.2-2, automatic), libanthy1:amd64 (1:0.4-2, automatic), uim-data:amd64 (1:1.8.8-9.2, automatic), uim-anthy:amd64 (1:1.8.8-9.2), libgstreamer-plugins-bad1.0-0:amd64 (1.22.0-4+deb12u1, automatic), libharfbuzz-icu0:amd64 (6.0.0+dfsg-3, automatic), libgssdp-1.6-0:amd64 (1.6.2-2, automatic), libwpe-1.0-1:amd64 (1.14.0-1, automatic), libuim-data:amd64 (1:1.8.8-9.2, automatic), libuim-custom2:amd64 (1:1.8.8-9.2+b2, automatic), zenity-common:amd64 (3.44.0-1, automatic), libyuv0:amd64 (0.0~git20230123.b2528b0-1, automatic), zenity:amd64 (3.44.0-1), libwebkit2gtk-4.1-0:amd64 (2.40.5-1~deb12u1, automatic), libabsl20220623:amd64 (20220623.1-1, automatic), libavif15:amd64 (0.11.1-1, automatic), anthy-common:amd64 (1:0.4-2, automatic), m17n-db:amd64 (1.8.0-5, automatic), kasumi:amd64 (2.5-11), uim-plugins:amd64 (1:1.8.8-9.2+b2, automatic), libelogind0:amd64 (246.10-3.0antix1, automatic), libotf1:amd64 (0.9.16-4, automatic), libsoup-3.0-common:amd64 (3.2.2-2, automatic), libuim8:amd64 (1:1.8.8-9.2+b2, automatic), libnice10:amd64 (0.1.21-1, automatic), uim-fep:amd64 (1:1.8.8-9.2+b2), libgd3:amd64 (2.3.3-9, automatic), fonts-ipafont-mincho:amd64 (00303-23), xdg-dbus-proxy:amd64 (0.1.4-3, automatic), uim-qt5:amd64 (1:1.8.8-9.2+b2), uim-xim:amd64 (1:1.8.8-9.2+b2)
End-Date: 2023-09-02  04:33:39

Start-Date: 2023-09-02  04:34:05
Commandline: apt install uim-chewing uim-pinyin fonts-wqy-microhei
Install: libchewing3-data:amd64 (0.5.1-5, automatic), uim-pinyin:amd64 (1:1.8.8-9.2), uim-chewing:amd64 (0.1.0-7), libchewing3:amd64 (0.5.1-5, automatic)
End-Date: 2023-09-02  04:34:06

Start-Date: 2023-09-02  04:34:29
Commandline: apt install geany geany-plugin-spellcheck
Install: geany-plugin-spellcheck:amd64 (1.38+dfsg-2), geany-plugins-common:amd64 (1.38+dfsg-2, automatic)
End-Date: 2023-09-02  04:34:30

Start-Date: 2023-09-02  04:35:07
Commandline: apt install gnome-screenshot lazpaint-gtk2
Install: lazpaint-gtk2:amd64 (7.2.2-2), gnome-screenshot:amd64 (41.0-2)
End-Date: 2023-09-02  04:35:09

Start-Date: 2023-09-02  04:36:05
Commandline: apt install libgdk-pixbuf2.0-bin
Install: libgdk-pixbuf2.0-bin:amd64 (2.42.10+dfsg-1+b1)
End-Date: 2023-09-02  04:36:06
